\BOOKMARK [1][-]{section.1}{Introduction}{}% 1
\BOOKMARK [1][-]{section.2}{Formal Model for Lossy Channel Systems}{}% 2
\BOOKMARK [2][-]{subsection.2.1}{Preliminaries}{section.2}% 3
\BOOKMARK [3][-]{subsubsection.2.1.1}{Words and Alphabet}{subsection.2.1}% 4
\BOOKMARK [3][-]{subsubsection.2.1.2}{Evaluations}{subsection.2.1}% 5
\BOOKMARK [2][-]{subsection.2.2}{??}{section.2}% 6
\BOOKMARK [2][-]{subsection.2.3}{Lossy Channel Systems}{section.2}% 7
\BOOKMARK [3][-]{subsubsection.2.3.1}{Syntax}{subsection.2.3}% 8
\BOOKMARK [3][-]{subsubsection.2.3.2}{Configuration}{subsection.2.3}% 9
\BOOKMARK [2][-]{subsection.2.4}{Semantics}{section.2}% 10
\BOOKMARK [3][-]{subsubsection.2.4.1}{Traces}{subsection.2.4}% 11
\BOOKMARK [2][-]{subsection.2.5}{Alternating Bit Protocol}{section.2}% 12
\BOOKMARK [3][-]{subsubsection.2.5.1}{Reachability and Bad Configurations}{subsection.2.5}% 13
\BOOKMARK [1][-]{section.3}{Abstract Interpretation}{}% 14
\BOOKMARK [2][-]{subsection.3.1}{Subwords and Views}{section.3}% 15
\BOOKMARK [2][-]{subsection.3.2}{Abstractions and Concretizations}{section.3}% 16
\BOOKMARK [2][-]{subsection.3.3}{Small Model Property}{section.3}% 17
\BOOKMARK [3][-]{subsubsection.3.3.1}{Proofs}{subsection.3.3}% 18
\BOOKMARK [1][-]{section.4}{Extensions}{}% 19
\BOOKMARK [2][-]{subsection.4.1}{LIFO Channels}{section.4}% 20
\BOOKMARK [2][-]{subsection.4.2}{Lossy Channels}{section.4}% 21
\BOOKMARK [2][-]{subsection.4.3}{Channel Systems with Synchronization}{section.4}% 22
\BOOKMARK [2][-]{subsection.4.4}{Alternating Bit Protocol Revised}{section.4}% 23
\BOOKMARK [1][-]{section.5}{Implementation of the Verification Method}{}% 24
\BOOKMARK [2][-]{subsection.5.1}{Naive implementation}{section.5}% 25
\BOOKMARK [2][-]{subsection.5.2}{Improving the Implementation}{section.5}% 26
\BOOKMARK [2][-]{subsection.5.3}{Better Implementation}{section.5}% 27
\BOOKMARK [3][-]{subsubsection.5.3.1}{Control-State Partitioning}{subsection.5.3}% 28
\BOOKMARK [3][-]{subsubsection.5.3.2}{Advantages of Partitioning}{subsection.5.3}% 29
\BOOKMARK [2][-]{subsection.5.4}{Final Implementation}{section.5}% 30
\BOOKMARK [2][-]{subsection.5.5}{Reachability Analysis}{section.5}% 31
\BOOKMARK [2][-]{subsection.5.6}{Specification Language}{section.5}% 32
\BOOKMARK [3][-]{subsubsection.5.6.1}{Example}{subsection.5.6}% 33
\BOOKMARK [1][-]{section.6}{Result}{}% 34
\BOOKMARK [2][-]{subsection.6.1}{Experimental Results}{section.6}% 35
\BOOKMARK [2][-]{subsection.6.2}{Analysis of Results}{section.6}% 36
\BOOKMARK [1][-]{section.7}{Summary and Further Work}{}% 37
\BOOKMARK [1][-]{section.8}{Related Work}{}% 38
\BOOKMARK [1][-]{appendix.A}{Automata for the Sliding Window Protocol}{}% 39
